# JRE version: Java(TM) SE Runtime Environment (8.0_20-b26) (build 1.8.0_20-b26)
# Java VM: Java HotSpot(TM) 64-Bit Server VM (25.20-b23 mixed mode linux-amd64 compressed oops)
Heap:
 def new generation   total 30720K, used 0K [0x00000000f0800000, 0x00000000f2950000, 0x00000000f5aa0000)
  eden space 27328K,   0% used [0x00000000f0800000, 0x00000000f0800000, 0x00000000f22b0000)
  from space 3392K,   0% used [0x00000000f22b0000, 0x00000000f22b0000, 0x00000000f2600000)
  to   space 3392K,   0% used [0x00000000f2600000, 0x00000000f2600000, 0x00000000f2950000)
 tenured generation   total 70088K, used 67464K [0x00000000f5aa0000, 0x00000000f9f12000, 0x0000000100000000)
   the space 70088K,  96% used [0x00000000f5aa0000, 0x00000000f9c82218, 0x00000000f9c82400, 0x00000000f9f12000)
 Metaspace       used 12564K, capacity 12666K, committed 12928K, reserved 1060864K
  class space    used 1535K, capacity 1575K, committed 1664K, reserved 1048576K
GC Heap History (10 events):
Event: 4.775 GC heap after
Heap after GC invocations=14 (full 1):
 def new generation   total 9216K, used 960K [0x00000000f0800000, 0x00000000f11f0000, 0x00000000f5aa0000)
  eden space 8256K,   0% used [0x00000000f0800000, 0x00000000f0800000, 0x00000000f1010000)
  from space 960K, 100% used [0x00000000f1100000, 0x00000000f11f0000, 0x00000000f11f0000)
  to   space 960K,   0% used [0x00000000f1010000, 0x00000000f1010000, 0x00000000f1100000)
 tenured generation   total 20252K, used 17684K [0x00000000f5aa0000, 0x00000000f6e67000, 0x0000000100000000)
   the space 20252K,  87% used [0x00000000f5aa0000, 0x00000000f6be51a8, 0x00000000f6be5200, 0x00000000f6e67000)
 Metaspace       used 12381K, capacity 12514K, committed 12800K, reserved 1060864K
  class space    used 1512K, capacity 1523K, committed 1536K, reserved 1048576K
}
Event: 4.861 GC heap before
{Heap before GC invocations=14 (full 1):
 def new generation   total 9216K, used 9216K [0x00000000f0800000, 0x00000000f11f0000, 0x00000000f5aa0000)
  eden space 8256K, 100% used [0x00000000f0800000, 0x00000000f1010000, 0x00000000f1010000)
  from space 960K, 100% used [0x00000000f1100000, 0x00000000f11f0000, 0x00000000f11f0000)
  to   space 960K,   0% used [0x00000000f1010000, 0x00000000f1010000, 0x00000000f1100000)
 tenured generation   total 20252K, used 17684K [0x00000000f5aa0000, 0x00000000f6e67000, 0x0000000100000000)
   the space 20252K,  87% used [0x00000000f5aa0000, 0x00000000f6be51a8, 0x00000000f6be5200, 0x00000000f6e67000)
 Metaspace       used 12381K, capacity 12514K, committed 12800K, reserved 1060864K
  class space    used 1512K, capacity 1523K, committed 1536K, reserved 1048576K
Event: 5.092 GC heap after
Heap after GC invocations=15 (full 2):
 def new generation   total 17984K, used 923K [0x00000000f0800000, 0x00000000f1b80000, 0x00000000f5aa0000)
  eden space 16000K,   5% used [0x00000000f0800000, 0x00000000f08e6e20, 0x00000000f17a0000)
  from space 1984K,   0% used [0x00000000f17a0000, 0x00000000f17a0000, 0x00000000f1990000)
  to   space 1984K,   0% used [0x00000000f1990000, 0x00000000f1990000, 0x00000000f1b80000)
 tenured generation   total 39808K, used 23884K [0x00000000f5aa0000, 0x00000000f8180000, 0x0000000100000000)
   the space 39808K,  59% used [0x00000000f5aa0000, 0x00000000f71f3300, 0x00000000f71f3400, 0x00000000f8180000)
 Metaspace       used 12381K, capacity 12514K, committed 12800K, reserved 1060864K
  class space    used 1512K, capacity 1523K, committed 1536K, reserved 1048576K
}
Event: 5.329 GC heap before
{Heap before GC invocations=15 (full 2):
 def new generation   total 17984K, used 16000K [0x00000000f0800000, 0x00000000f1b80000, 0x00000000f5aa0000)
  eden space 16000K, 100% used [0x00000000f0800000, 0x00000000f17a0000, 0x00000000f17a0000)
  from space 1984K,   0% used [0x00000000f17a0000, 0x00000000f17a0000, 0x00000000f1990000)
  to   space 1984K,   0% used [0x00000000f1990000, 0x00000000f1990000, 0x00000000f1b80000)
 tenured generation   total 39808K, used 23884K [0x00000000f5aa0000, 0x00000000f8180000, 0x0000000100000000)
   the space 39808K,  59% used [0x00000000f5aa0000, 0x00000000f71f3300, 0x00000000f71f3400, 0x00000000f8180000)
 Metaspace       used 12558K, capacity 12666K, committed 12928K, reserved 1060864K
  class space    used 1535K, capacity 1575K, committed 1664K, reserved 1048576K
Event: 5.442 GC heap after
Heap after GC invocations=16 (full 2):
 def new generation   total 17984K, used 1984K [0x00000000f0800000, 0x00000000f1b80000, 0x00000000f5aa0000)
  eden space 16000K,   0% used [0x00000000f0800000, 0x00000000f0800000, 0x00000000f17a0000)
  from space 1984K, 100% used [0x00000000f1990000, 0x00000000f1b80000, 0x00000000f1b80000)
  to   space 1984K,   0% used [0x00000000f17a0000, 0x00000000f17a0000, 0x00000000f1990000)
 tenured generation   total 39808K, used 32945K [0x00000000f5aa0000, 0x00000000f8180000, 0x0000000100000000)
   the space 39808K,  82% used [0x00000000f5aa0000, 0x00000000f7acc760, 0x00000000f7acc800, 0x00000000f8180000)
 Metaspace       used 12558K, capacity 12666K, committed 12928K, reserved 1060864K
  class space    used 1535K, capacity 1575K, committed 1664K, reserved 1048576K
}
Event: 5.608 GC heap before
{Heap before GC invocations=16 (full 2):
 def new generation   total 17984K, used 17984K [0x00000000f0800000, 0x00000000f1b80000, 0x00000000f5aa0000)
  eden space 16000K, 100% used [0x00000000f0800000, 0x00000000f17a0000, 0x00000000f17a0000)
  from space 1984K, 100% used [0x00000000f1990000, 0x00000000f1b80000, 0x00000000f1b80000)
  to   space 1984K,   0% used [0x00000000f17a0000, 0x00000000f17a0000, 0x00000000f1990000)
 tenured generation   total 39808K, used 32945K [0x00000000f5aa0000, 0x00000000f8180000, 0x0000000100000000)
   the space 39808K,  82% used [0x00000000f5aa0000, 0x00000000f7acc760, 0x00000000f7acc800, 0x00000000f8180000)
 Metaspace       used 12562K, capacity 12666K, committed 12928K, reserved 1060864K
  class space    used 1535K, capacity 1575K, committed 1664K, reserved 1048576K
Event: 5.951 GC heap after
Heap after GC invocations=17 (full 3):
 def new generation   total 30720K, used 1835K [0x00000000f0800000, 0x00000000f2950000, 0x00000000f5aa0000)
  eden space 27328K,   6% used [0x00000000f0800000, 0x00000000f09cad40, 0x00000000f22b0000)
  from space 3392K,   0% used [0x00000000f22b0000, 0x00000000f22b0000, 0x00000000f2600000)
  to   space 3392K,   0% used [0x00000000f2600000, 0x00000000f2600000, 0x00000000f2950000)
 tenured generation   total 68168K, used 40899K [0x00000000f5aa0000, 0x00000000f9d32000, 0x0000000100000000)
   the space 68168K,  59% used [0x00000000f5aa0000, 0x00000000f8290fe8, 0x00000000f8291000, 0x00000000f9d32000)
 Metaspace       used 12562K, capacity 12666K, committed 12928K, reserved 1060864K
  class space    used 1535K, capacity 1575K, committed 1664K, reserved 1048576K
}
Event: 6.078 GC heap before
{Heap before GC invocations=17 (full 3):
 def new generation   total 30720K, used 27328K [0x00000000f0800000, 0x00000000f2950000, 0x00000000f5aa0000)
  eden space 27328K, 100% used [0x00000000f0800000, 0x00000000f22b0000, 0x00000000f22b0000)
  from space 3392K,   0% used [0x00000000f22b0000, 0x00000000f22b0000, 0x00000000f2600000)
  to   space 3392K,   0% used [0x00000000f2600000, 0x00000000f2600000, 0x00000000f2950000)
 tenured generation   total 68168K, used 40899K [0x00000000f5aa0000, 0x00000000f9d32000, 0x0000000100000000)
   the space 68168K,  59% used [0x00000000f5aa0000, 0x00000000f8290fe8, 0x00000000f8291000, 0x00000000f9d32000)
 Metaspace       used 12564K, capacity 12666K, committed 12928K, reserved 1060864K
  class space    used 1535K, capacity 1575K, committed 1664K, reserved 1048576K
Event: 6.313 GC heap after
Heap after GC invocations=18 (full 3):
 def new generation   total 30720K, used 3391K [0x00000000f0800000, 0x00000000f2950000, 0x00000000f5aa0000)
  eden space 27328K,   0% used [0x00000000f0800000, 0x00000000f0800000, 0x00000000f22b0000)
  from space 3392K,  99% used [0x00000000f2600000, 0x00000000f294fff8, 0x00000000f2950000)
  to   space 3392K,   0% used [0x00000000f22b0000, 0x00000000f22b0000, 0x00000000f2600000)
 tenured generation   total 68168K, used 53420K [0x00000000f5aa0000, 0x00000000f9d32000, 0x0000000100000000)
   the space 68168K,  78% used [0x00000000f5aa0000, 0x00000000f8ecb038, 0x00000000f8ecb200, 0x00000000f9d32000)
 Metaspace       used 12564K, capacity 12666K, committed 12928K, reserved 1060864K
  class space    used 1535K, capacity 1575K, committed 1664K, reserved 1048576K
}
Event: 6.398 GC heap before
{Heap before GC invocations=18 (full 3):
 def new generation   total 30720K, used 30719K [0x00000000f0800000, 0x00000000f2950000, 0x00000000f5aa0000)
  eden space 27328K, 100% used [0x00000000f0800000, 0x00000000f22b0000, 0x00000000f22b0000)
  from space 3392K,  99% used [0x00000000f2600000, 0x00000000f294fff8, 0x00000000f2950000)
  to   space 3392K,   0% used [0x00000000f22b0000, 0x00000000f22b0000, 0x00000000f2600000)
 tenured generation   total 68168K, used 53420K [0x00000000f5aa0000, 0x00000000f9d32000, 0x0000000100000000)
   the space 68168K,  78% used [0x00000000f5aa0000, 0x00000000f8ecb038, 0x00000000f8ecb200, 0x00000000f9d32000)
 Metaspace       used 12564K, capacity 12666K, committed 12928K, reserved 1060864K
  class space    used 1535K, capacity 1575K, committed 1664K, reserved 1048576K

